#
# There is insufficient memory for the Java Runtime Environment to continue.
# Native memory allocation (mmap) failed to map 526385152 bytes. Error detail: G1 virtual space
# Possible reasons:
#   The system is out of physical RAM or swap space
#   This process is running with CompressedOops enabled, and the Java Heap may be blocking the growth of the native heap
# Possible solutions:
#   Reduce memory load on the system
#   Increase physical memory or swap space
#   Check if swap backing store is full
#   Decrease Java heap size (-Xmx/-Xms)
#   Decrease number of Java threads
#   Decrease Java thread stack sizes (-Xss)
#   Set larger code cache with -XX:ReservedCodeCacheSize=
#   JVM is running with Unscaled Compressed Oops mode in which the Java heap is
#     placed in the first 4GB address space. The Java Heap base address is the
#     maximum limit for the native heap growth. Please use -XX:HeapBaseMinAddress
#     to set the Java Heap base and to place the Java Heap above 4GB virtual address.
# This output file may be truncated or incomplete.
#
#  Out of Memory Error (os_windows.cpp:3616), pid=27992, tid=6408
#
# JRE version:  (21.0.4+7) (build )
# Java VM: OpenJDK 64-Bit Server VM (21.0.4+7-LTS, mixed mode, sharing, tiered, compressed oops, compressed class ptrs, g1 gc, windows-amd64)
# No core dump will be written. Minidumps are not enabled by default on client versions of Windows
#

---------------  S U M M A R Y ------------

Command Line: -Dfile.separator=\ -Didea.active=true -Didea.vendor.name=JetBrains -Didea.version=2024.2 -Djava.class.version=65.0 -Djava.home=D:\JDK\jdk21.0.4_7 -Djava.library.path=D:\JDK\jdk21.0.4_7\bin;C:\WINDOWS\Sun\Java\bin;C:\WINDOWS\system32;C:\WINDOWS;C:\Program Files (x86)\Common Files\Oracle\Java\java8path;C:\Program Files (x86)\Common Files\Oracle\Java\javapath;D:\JDK\jdk21.0.4_7\bin;C:\WINDOWS\system32;C:\WINDOWS;C:\WINDOWS\System32\Wbem;C:\WINDOWS\System32\WindowsPowerShell\v1.0\;C:\WINDOWS\System32\OpenSSH\;C:\Program Files\Git\cmd;C:\Program Files\NVIDIA Corporation\NVIDIA App\NvDLISR;C:\Program Files (x86)\NVIDIA Corporation\PhysX\Common;C:\Users\Waswa\AppData\Local\Microsoft\WindowsApps;;. -Djava.runtime.name=OpenJDK Runtime Environment -Djava.runtime.version=21.0.4+7-LTS -Djava.specification.name=Java Platform API Specification -Djava.specification.vendor=Oracle Corporation -Djava.specification.version=21 -Djava.vendor=Amazon.com Inc. -Djava.vendor.url=https://aws.amazon.com/corretto/ -Djava.vendor.url.bug=https://github.com/corretto/corretto-21/issues/ -Djava.vendor.version=Corretto-21.0.4.7.1 -Djava.version=21.0.4 -Djava.version.date=2024-07-16 -Djava.vm.compressedOopsMode=32-bit -Djava.vm.info=mixed mode, sharing -Djava.vm.name=OpenJDK 64-Bit Server VM -Djava.vm.specification.name=Java Virtual Machine Specification -Djava.vm.specification.vendor=Oracle Corporation -Djava.vm.specification.version=21 -Djava.vm.vendor=Amazon.com Inc. -Djava.vm.version=21.0.4+7-LTS -Djdk.debug=release -Dlibrary.jansi.path=C:\Users\Waswa\.gradle\native\jansi\1.18\windows64 -Dline.separator=
 -Dnative.encoding=Cp1252 -Dorg.gradle.internal.worker.tmpdir=D:\Automatizacion\Base\Base_Automatizacion\build\tmp\test\work -Dorg.gradle.native=false -Dos.arch=amd64 -Dos.name=Windows 11 -Dos.version=10.0 -Dpath.separator=; -Dproject.build.directory=D:\Automatizacion\Base\Base_Automatizacion -Dstderr.encoding=Cp1252 -Dstdout.encoding=Cp1252 -Dsun.arch.data.model=64 -Dsun.boot.library.path=D:\JDK\jdk21.0.4_7\bin -Dsun.cpu.endian=little -Dsun.cpu.isalist=amd64 -Dsun.io.unicode.encoding=UnicodeLittle -Dsun.jnu.encoding=Cp1252 -Dsun.management.compiler=HotSpot 64-Bit Tiered Compilers -Dsun.os.patch.level -Duser.dir=D:\Automatizacion\Base\Base_Automatizacion -Duser.home=C:\Users\Waswa -Duser.name=Waswa -Duser.script -Duser.timezone=America/Bogota -Xmx512m -Dfile.encoding=UTF-8 -Djava.io.tmpdir=C:\Users\Waswa\AppData\Local\Temp\ -Duser.country=CO -Duser.language=es -Duser.variant -ea worker.org.gradle.process.internal.worker.GradleWorkerMain 'Gradle Test Executor 1'

Host: AMD Ryzen 5 5600G with Radeon Graphics         , 12 cores, 31G,  Windows 11 , 64 bit Build 26100 (10.0.26100.4768)
Time: Tue Sep  9 11:55:31 2025 Hora est. Pacífico, Sudamérica elapsed time: 2.164796 seconds (0d 0h 0m 2s)

---------------  T H R E A D  ---------------

Current thread (0x00000129c5331f40):  JavaThread "Unknown thread" [_thread_in_vm, id=6408, stack(0x0000001e15400000,0x0000001e15500000) (1024K)]

Stack: [0x0000001e15400000,0x0000001e15500000]
Native frames: (J=compiled Java code, j=interpreted, Vv=VM code, C=native code)
V  [jvm.dll+0x6d83d9]
V  [jvm.dll+0x8b39f3]
V  [jvm.dll+0x8b5d4e]
V  [jvm.dll+0x8b6433]
V  [jvm.dll+0x285816]
V  [jvm.dll+0x6d4b65]
V  [jvm.dll+0x6c929a]
V  [jvm.dll+0x35e2fb]
V  [jvm.dll+0x365ea6]
V  [jvm.dll+0x3b7e76]
V  [jvm.dll+0x3b8148]
V  [jvm.dll+0x331a3c]
V  [jvm.dll+0x33272b]
V  [jvm.dll+0x87bce9]
V  [jvm.dll+0x3c4f91]
V  [jvm.dll+0x865093]
V  [jvm.dll+0x45916e]
V  [jvm.dll+0x45adf1]
C  [jli.dll+0x52ab]
C  [ucrtbase.dll+0x37b0]
C  [KERNEL32.DLL+0x2e8d7]
C  [ntdll.dll+0x3c34c]


---------------  P R O C E S S  ---------------

Threads class SMR info:
_java_thread_list=0x00007fff46572048, length=0, elements={
}

Java Threads: ( => current thread )
Total: 0

Other Threads:
  0x00000129c77166e0 WorkerThread "GC Thread#0"                     [id=22188, stack(0x0000001e15500000,0x0000001e15600000) (1024K)]
  0x00000129c771c970 ConcurrentGCThread "G1 Main Marker"            [id=22220, stack(0x0000001e15600000,0x0000001e15700000) (1024K)]
  0x00000129c77206b0 WorkerThread "G1 Conc#0"                       [id=29840, stack(0x0000001e15700000,0x0000001e15800000) (1024K)]

[error occurred during error reporting (printing all threads), id 0xc0000005, EXCEPTION_ACCESS_VIOLATION (0xc0000005) at pc=0x00007fff45c74af7]
VM state: not at safepoint (not fully initialized)

VM Mutex/Monitor currently owned by a thread:  ([mutex/lock_event])
[0x00007fff465e63a8] Heap_lock - owner thread: 0x00000129c5331f40

Heap address: 0x00000000e0000000, size: 512 MB, Compressed Oops mode: 32-bit

CDS archive(s) mapped at: [0x0000000000000000-0x0000000000000000-0x0000000000000000), size 0, SharedBaseAddress: 0x0000000800000000, ArchiveRelocationMode: 1.
Narrow klass base: 0x0000000000000000, Narrow klass shift: 0, Narrow klass range: 0x0

GC Precious Log:
 CardTable entry size: 512
 Card Set container configuration: InlinePtr #cards 5 size 8 Array Of Cards #cards 12 size 40 Howl #buckets 4 coarsen threshold 1843 Howl Bitmap #cards 512 size 80 coarsen threshold 460 Card regions per heap region 1 cards per card region 2048

Heap:
 garbage-first heap   total 0K, used 0K [0x00000000e0000000, 0x0000000100000000)
  region size 1024K, 0 young (0K), 0 survivors (0K)

[error occurred during error reporting (printing heap information), id 0xc0000005, EXCEPTION_ACCESS_VIOLATION (0xc0000005) at pc=0x00007fff46061cf9]
GC Heap History (0 events):
No events

Dll operation events (1 events):
Event: 0.006 Loaded shared library D:\JDK\jdk21.0.4_7\bin\java.dll

Deoptimization events (0 events):
No events

Classes loaded (0 events):
No events

Classes unloaded (0 events):
No events

Classes redefined (0 events):
No events

Internal exceptions (0 events):
No events

ZGC Phase Switch (0 events):
No events

VM Operations (0 events):
No events

Memory protections (0 events):
No events

Nmethod flushes (0 events):
No events

Events (0 events):
No events


Dynamic libraries:
0x00007ff62f630000 - 0x00007ff62f63e000 	D:\JDK\jdk21.0.4_7\bin\java.exe
0x00007fffd4ba0000 - 0x00007fffd4e07000 	C:\WINDOWS\SYSTEM32\ntdll.dll
0x00007fff89990000 - 0x00007fff899b0000 	C:\Program Files\Norton\Suite\aswhook.dll
0x00007fffd3740000 - 0x00007fffd3809000 	C:\WINDOWS\System32\KERNEL32.DLL
0x00007fffd2150000 - 0x00007fffd2540000 	C:\WINDOWS\System32\KERNELBASE.dll
0x00007fffd2690000 - 0x00007fffd27db000 	C:\WINDOWS\System32\ucrtbase.dll
0x00007fffadb30000 - 0x00007fffadb48000 	D:\JDK\jdk21.0.4_7\bin\jli.dll
0x00007fffb29e0000 - 0x00007fffb29fb000 	D:\JDK\jdk21.0.4_7\bin\VCRUNTIME140.dll
0x00007fffd31a0000 - 0x00007fffd3365000 	C:\WINDOWS\System32\USER32.dll
0x00007fffbb180000 - 0x00007fffbb41a000 	C:\WINDOWS\WinSxS\amd64_microsoft.windows.common-controls_6595b64144ccf1df_6.0.26100.4768_none_3e0c112ce331287c\COMCTL32.dll
0x00007fffd1e50000 - 0x00007fffd1e77000 	C:\WINDOWS\System32\win32u.dll
0x00007fffd3810000 - 0x00007fffd38b9000 	C:\WINDOWS\System32\msvcrt.dll
0x00007fffd4210000 - 0x00007fffd423b000 	C:\WINDOWS\System32\GDI32.dll
0x00007fffd2550000 - 0x00007fffd2688000 	C:\WINDOWS\System32\gdi32full.dll
0x00007fffd27e0000 - 0x00007fffd2883000 	C:\WINDOWS\System32\msvcp_win.dll
0x00007fffd2fc0000 - 0x00007fffd2fef000 	C:\WINDOWS\System32\IMM32.DLL
0x00007fffadb20000 - 0x00007fffadb2c000 	D:\JDK\jdk21.0.4_7\bin\vcruntime140_1.dll
0x00007fffa9ea0000 - 0x00007fffa9f2d000 	D:\JDK\jdk21.0.4_7\bin\msvcp140.dll
0x00007fff45930000 - 0x00007fff466c6000 	D:\JDK\jdk21.0.4_7\bin\server\jvm.dll
0x00007fffd2930000 - 0x00007fffd29e4000 	C:\WINDOWS\System32\ADVAPI32.dll
0x00007fffd2a60000 - 0x00007fffd2b06000 	C:\WINDOWS\System32\sechost.dll
0x00007fffd2ea0000 - 0x00007fffd2fb8000 	C:\WINDOWS\System32\RPCRT4.dll
0x00007fffd42e0000 - 0x00007fffd4354000 	C:\WINDOWS\System32\WS2_32.dll
0x00007fffd1a80000 - 0x00007fffd1ade000 	C:\WINDOWS\SYSTEM32\POWRPROF.dll
0x00007fffc61e0000 - 0x00007fffc6215000 	C:\WINDOWS\SYSTEM32\WINMM.dll
0x00007fffca370000 - 0x00007fffca37b000 	C:\WINDOWS\SYSTEM32\VERSION.dll
0x00007fffd1a60000 - 0x00007fffd1a74000 	C:\WINDOWS\SYSTEM32\UMPDC.dll
0x00007fffd0a50000 - 0x00007fffd0a6b000 	C:\WINDOWS\SYSTEM32\kernel.appcore.dll
0x00007fffadb10000 - 0x00007fffadb1a000 	D:\JDK\jdk21.0.4_7\bin\jimage.dll
0x00007fffc4cb0000 - 0x00007fffc4ef1000 	C:\WINDOWS\SYSTEM32\DBGHELP.DLL
0x00007fffd2b10000 - 0x00007fffd2e95000 	C:\WINDOWS\System32\combase.dll
0x00007fffd47f0000 - 0x00007fffd48d0000 	C:\WINDOWS\System32\OLEAUT32.dll
0x00007fffbefe0000 - 0x00007fffbf023000 	C:\WINDOWS\SYSTEM32\dbgcore.DLL
0x00007fffd2890000 - 0x00007fffd2929000 	C:\WINDOWS\System32\bcryptPrimitives.dll
0x00007fffad460000 - 0x00007fffad47f000 	D:\JDK\jdk21.0.4_7\bin\java.dll

dbghelp: loaded successfully - version: 4.0.5 - missing functions: none
symbol engine: initialized successfully - sym options: 0x614 - pdb path: .;D:\JDK\jdk21.0.4_7\bin;C:\WINDOWS\SYSTEM32;C:\Program Files\Norton\Suite;C:\WINDOWS\WinSxS\amd64_microsoft.windows.common-controls_6595b64144ccf1df_6.0.26100.4768_none_3e0c112ce331287c;D:\JDK\jdk21.0.4_7\bin\server

VM Arguments:
jvm_args: -Dfile.separator=\ -Didea.active=true -Didea.vendor.name=JetBrains -Didea.version=2024.2 -Djava.class.version=65.0 -Djava.home=D:\JDK\jdk21.0.4_7 -Djava.library.path=D:\JDK\jdk21.0.4_7\bin;C:\WINDOWS\Sun\Java\bin;C:\WINDOWS\system32;C:\WINDOWS;C:\Program Files (x86)\Common Files\Oracle\Java\java8path;C:\Program Files (x86)\Common Files\Oracle\Java\javapath;D:\JDK\jdk21.0.4_7\bin;C:\WINDOWS\system32;C:\WINDOWS;C:\WINDOWS\System32\Wbem;C:\WINDOWS\System32\WindowsPowerShell\v1.0\;C:\WINDOWS\System32\OpenSSH\;C:\Program Files\Git\cmd;C:\Program Files\NVIDIA Corporation\NVIDIA App\NvDLISR;C:\Program Files (x86)\NVIDIA Corporation\PhysX\Common;C:\Users\Waswa\AppData\Local\Microsoft\WindowsApps;;. -Djava.runtime.name=OpenJDK Runtime Environment -Djava.runtime.version=21.0.4+7-LTS -Djava.specification.name=Java Platform API Specification -Djava.specification.vendor=Oracle Corporation -Djava.specification.version=21 -Djava.vendor=Amazon.com Inc. -Djava.vendor.url=https://aws.amazon.com/corretto/ -Djava.vendor.url.bug=https://github.com/corretto/corretto-21/issues/ -Djava.vendor.version=Corretto-21.0.4.7.1 -Djava.version=21.0.4 -Djava.version.date=2024-07-16 -Djava.vm.compressedOopsMode=32-bit -Djava.vm.info=mixed mode, sharing -Djava.vm.name=OpenJDK 64-Bit Server VM -Djava.vm.specification.name=Java Virtual Machine Specification -Djava.vm.specification.vendor=Oracle Corporation -Djava.vm.specification.version=21 -Djava.vm.vendor=Amazon.com Inc. -Djava.vm.version=21.0.4+7-LTS -Djdk.debug=release -Dlibrary.jansi.path=C:\Users\Waswa\.gradle\native\jansi\1.18\windows64 -Dline.separator=
 -Dnative.encoding=Cp1252 -Dorg.gradle.internal.worker.tmpdir=D:\Automatizacion\Base\Base_Automatizacion\build\tmp\test\work -Dorg.gradle.native=false -Dos.arch=amd64 -Dos.name=Windows 11 -Dos.version=10.0 -Dpath.separator=; -Dproject.build.directory=D:\Automatizacion\Base\Base_Automatizacion -Dstderr.encoding=Cp1252 -Dstdout.encoding=Cp1252 -Dsun.arch.data.model=64 -Dsun.boot.library.path=D:\JDK\jdk21.0.4_7\bin -Dsun.cpu.endian=little -Dsun.cpu.isalist=amd64 -Dsun.io.unicode.encoding=UnicodeLittle -Dsun.jnu.encoding=Cp1252 -Dsun.management.compiler=HotSpot 64-Bit Tiered Compilers -Dsun.os.patch.level -Duser.dir=D:\Automatizacion\Base\Base_Automatizacion -Duser.home=C:\Users\Waswa -Duser.name=Waswa -Duser.script -Duser.timezone=America/Bogota -Xmx512m -Dfile.encoding=UTF-8 -Djava.io.tmpdir=C:\Users\Waswa\AppData\Local\Temp\ -Duser.country=CO -Duser.language=es -Duser.variant -ea 
java_command: worker.org.gradle.process.internal.worker.GradleWorkerMain 'Gradle Test Executor 1'
java_class_path (initial): C:\\Users\\Waswa\\.gradle\\caches\\8.7\\workerMain\\gradle-worker.jar;D:\\Automatizacion\\Base\\Base_Automatizacion\\build\\classes\\java\\test;D:\\Automatizacion\\Base\\Base_Automatizacion\\build\\resources\\test;D:\\Automatizacion\\Base\\Base_Automatizacion\\build\\classes\\java\\main;C:\\Users\\Waswa\\.gradle\\caches\\modules-2\\files-2.1\\net.serenity-bdd\\serenity-junit\\4.1.10\\5fe012f354fc7294d80d943a3b6958e6922f5b60\\serenity-junit-4.1.10.jar;C:\\Users\\Waswa\\.gradle\\caches\\modules-2\\files-2.1\\net.serenity-bdd\\serenity-cucumber\\4.1.10\\40d35651999ac0e9850e09f3c33bb78dd462a8ee\\serenity-cucumber-4.1.10.jar;C:\\Users\\Waswa\\.gradle\\caches\\modules-2\\files-2.1\\net.serenity-bdd\\serenity-screenplay-webdriver\\4.1.10\\77c2ef14d14a3c8e0416298ed904d5267ca45228\\serenity-screenplay-webdriver-4.1.10.jar;C:\\Users\\Waswa\\.gradle\\caches\\modules-2\\files-2.1\\net.serenity-bdd\\serenity-screenplay\\4.1.10\\aea2e284aef45ec1ec99e5fad4275403eb4a7a93\\serenity-screenplay-4.1.10.jar;C:\\Users\\Waswa\\.gradle\\caches\\modules-2\\files-2.1\\net.serenity-bdd\\serenity-browserstack\\4.1.10\\bacd1308e04139d0ac934cb2bc6cb2ec7b9694af\\serenity-browserstack-4.1.10.jar;C:\\Users\\Waswa\\.gradle\\caches\\modules-2\\files-2.1\\net.serenity-bdd\\serenity-core\\4.1.10\\48f472e0c4c3511935beb9586b703fcd84e30d42\\serenity-core-4.1.10.jar;C:\\Users\\Waswa\\.gradle\\caches\\modules-2\\files-2.1\\org.assertj\\assertj-core\\3.25.3\\792b270e73aa1cfc28fa135be0b95e69ea451432\\assertj-core-3.25.3.jar;C:\\Users\\Waswa\\.gradle\\caches\\modules-2\\files-2.1\\org.slf4j\\slf4j-simple\\2.0.13\\be11a3f05f7cf546524b07ad252719d840f4daed\\slf4j-simple-2.0.13.jar;C:\\Users\\Waswa\\.gradle\\caches\\modules-2\\files-2.1\\net.serenity-bdd\\serenity-reports\\4.1.10\\40728a510fa6624ce5b6eb5ed19fbfc026968237\\serenity-reports-4.1.10.jar;C:\\Users\\Waswa\\.gradle\\caches\\modules-2\\files-2.1\\net.serenity-bdd\\serenity-stats\\4.1.10\\60628f0dfcdbf0a967284866eb8a99adff922c98\\serenity-stats-4.1.10.jar;C:\\Users\\Waswa\\.gradle\\caches\\modules-2\\files-2.1\\net.serenity-bdd\\serenity-reports-configuration\\4.1.10\\c4f0b823d9f96cccee5335cf3de19990e25684b3\\serenity-reports-configuration-4.1.10.jar;C:\\Users\\Waswa\\.gradle\\caches\\modules-2\\files-2.1\\net.serenity-bdd\\serenity-model\\4.1.10\\fe2465f2bdee3048cd4c40c3d391ba734efe46c5\\serenity-model-4.1.10.jar;C:\\Users\\Waswa\\.gradle\\caches\\modules-2\\files-2.1\\com.vladsch.flexmark\\flexmark-all\\0.64.8\\ee5b2d9731000afc81f2d8c0fccd0a6439e56720\\flexmark-all-0.64.8.jar;C:\\Users\\Waswa\\.gradle\\caches\\modules-2\\files-2.1\\com.vladsch.flexmark\\flexmark-pdf-converter\\0.64.8\\3a0f46e644e2a7f8ba932b8cd3211553a97ef30c\\flexmark-pdf-converter-0.64.8.jar;C:\\Users\\Waswa\\.gradle\\caches\\modules-2\\files-2.1\\com.openhtmltopdf\\openhtmltopdf-pdfbox\\1.0.10\\4041442fda47e760985cea8005d51a830031420f\\openhtmltopdf-pdfbox-1.0.10.jar;C:\\Users\\Waswa\\.gradle\\caches\\modules-2\\files-2.1\\de.rototor.pdfbox\\graphics2d\\0.32\\d8892871a9a1446e94f25eb625a7eec3bfa31b15\\graphics2d-0.32.jar;C:\\Users\\Waswa\\.gradle\\caches\\modules-2\\files-2.1\\org.apache.pdfbox\\pdfbox\\3.0.3\\a739bfc1b72d2f98d973cd1419f5ae2decd36068\\pdfbox-3.0.3.jar;C:\\Users\\Waswa\\.gradle\\caches\\modules-2\\files-2.1\\net.serenity-bdd\\serenity-report-resources\\4.1.10\\97dc20a6b414624bbaef7a229a365629c14882a7\\serenity-report-resources-4.1.10.jar;C:\\Users\\Waswa\\.gradle\\caches\\modules-2\\files-2.1\\com.google.code.gson\\gson\\2.10.1\\b3add478d4382b78ea20b1671390a858002feb6c\\gson-2.10.1.jar;C:\\Users\\Waswa\\.gradle\\caches\\modules-2\\files-2.1\\com.fasterxml.jackson.core\\jackson-annotations\\2.17.0\\880a742337010da4c851f843d8cac150e22dff9f\\jackson-annotations-2.17.0.jar;C:\\Users\\Waswa\\.gradle\\caches\\modules-2\\files-2.1\\com.fasterxml.jackson.core\\jackson-databind\\2.17.0\\7173e9e1d4bc6d7ca03bc4eeedcd548b8b580b34\\jackson-databind-2.17.0.jar;C:\\Users\\Waswa\\.gradle\\caches\\modules-2\\files-2.1\\com.fasterxml.jackson.core\\jackson-core\\2.17.0\\a6e5058ef9720623c517252d17162f845306ff3a\\jackson-core-2.17.0.jar;C:\\Users\\Waswa\\.gradle\\caches\\modules-2\\files-2.1\\org.seleniumhq.selenium\\htmlunit3-driver\\4.18.1\\5f46415baff200aa71989e4507fb7ed563965829\\htmlunit3-driver-4.18.1.jar;C:\\Users\\Waswa\\.gradle\\caches\\modules-2\\files-2.1\\org.htmlunit\\htmlunit\\3.11.0\\32c13070da8dd326ec101115cb6b6d45d12e7588\\htmlunit-3.11.0.jar;C:\\Users\\Waswa\\.gradle\\caches\\modules-2\\files-2.1\\org.apache.httpcomponents\\httpmime\\4.5.14\\6662758a1f1cb1149cf916bdac28332e0902ec44\\httpmime-4.5.14.jar;C:\\Users\\Waswa\\.gradle\\caches\\modules-2\\files-2.1\\org.apache.httpcomponents\\httpclient\\4.5.14\\1194890e6f56ec29177673f2f12d0b8e627dec98\\httpclient-4.5.14.jar;C:\\Users\\Waswa\\.gradle\\caches\\modules-2\\files-2.1\\commons-codec\\commons-codec\\1.16.1\\47bd4d333fba53406f6c6c51884ddbca435c8862\\commons-codec-1.16.1.jar;C:\\Users\\Waswa\\.gradle\\caches\\modules-2\\files-2.1\\org.apache.commons\\commons-compress\\1.26.0\\659feffdd12280201c8aacb8f7be94f9a883c824\\commons-compress-1.26.0.jar;C:\\Users\\Waswa\\.gradle\\caches\\modules-2\\files-2.1\\com.browserstack\\browserstack-local-java\\1.0.6\\b8d1e531a19255de71d7478256a345a8610044e9\\browserstack-local-java-1.0.6.jar;C:\\Users\\Waswa\\.gradle\\caches\\modules-2\\files-2.1\\commons-io\\commons-io\\2.15.1\\f11560da189ab563a5c8e351941415430e9304ea\\commons-io-2.15.1.jar;C:\\Users\\Waswa\\.gradle\\caches\\modules-2\\files-2.1\\com.paulhammant\\ngwebdriver\\1.1.6\\9785bdd139c4b8fb0189142f3cc57b6b9e22d611\\ngwebdriver-1.1.6.jar;C:\\Users\\Waswa\\.gradle\\caches\\modules-2\\files-2.1\\org.seleniumhq.selenium\\selenium-java\\4.19.0\\2cc38c8dbef9d6e8774f05c2d2e8088180858ed4\\selenium-java-4.19.0.jar;C:\\Users\\Waswa\\.gradle\\caches\\modules-2\\files-2.1\\org.seleniumhq.selenium\\selenium-chrome-driver\\4.19.0\\514183dac94c637664a6930b3524e9acfdda3333\\selenium-chrome-driver-4.19.0.jar;C:\\Users\\Waswa\\.gradle\\caches\\modules-2\\files-2.1\\org.seleniumhq.selenium\\selenium-firefox-driver\\4.19.0\\25dd354676b8d3fdd40f36a6a689f0d40e848ad\\selenium-firefox-driver-4.19.0.jar;C:\\Users\\Waswa\\.gradle\\caches\\modules-2\\files-2.1\\org.seleniumhq.selenium\\selenium-edge-driver\\4.19.0\\4eb8d3bb8c2c2ad0cc683d5eff5762f9b64b8c0f\\selenium-edge-driver-4.19.0.jar;C:\\Users\\Waswa\\.gradle\\caches\\modules-2\\files-2.1\\org.seleniumhq.selenium\\selenium-ie-driver\\4.19.0\\6cf7b3e46dee0afd683d6406e974d96c3f0502cc\\selenium-ie-driver-4.19.0.jar;C:\\Users\\Waswa\\.gradle\\caches\\modules-2\\files-2.1\\org.seleniumhq.selenium\\selenium-devtools-v121\\4.19.0\\78d379d19eb9088b80d3f2845c9114b64ce3fbf7\\selenium-devtools-v121-4.19.0.jar;C:\\Users\\Waswa\\.gradle\\caches\\modules-2\\files-2.1\\org.seleniumhq.selenium\\selenium-devtools-v122\\4.19.0\\e44f02970e38a364a07a4e4366c19c88e3e86268\\selenium-devtools-v122-4.19.0.jar;C:\\Users\\Waswa\\.gradle\\caches\\modules-2\\files-2.1\\org.seleniumhq.selenium\\selenium-devtools-v123\\4.19.0\\640316a429f958e7965ed6e8105696171de3eba7\\selenium-devtools-v123-4.19.0.jar;C:\\Users\\Waswa\\.gradle\\caches\\modules-2\\files-2.1\\org.seleniumhq.selenium\\selenium-devtools-v85\\4.19.0\\d0a67f642e3bed25aa15d7a0f86e29a1d2f45079\\selenium-devtools-v85-4.19.0.jar;C:\\Users\\Waswa\\.gradle\\caches\\modules-2\\files-2.1\\org.seleniumhq.selenium\\selenium-safari-driver\\4.19.0\\f8dc417b6431d351455d7e4bc47708527f6617a8\\selenium-safari-driver-4.19.0.jar;C:\\Users\\Waswa\\.gradle\\caches\\modules-2\\files-2.1\\org.seleniumhq.selenium\\selenium-chromium-driver\\4.19.0\\2a5a34c7a05a0c0a927cfef564ab398cb0604179\\selenium-chromium-driver-4.19.0.jar;C:\\Users\\Waswa\\.gradle\\caches\\modules-2\\files-2.1\\org.seleniumhq.selenium\\selenium-support\\4.19.0\\996e3758c85d590492564d040546690522117f1b\\selenium-support-4.19.0.jar;C:\\Users\\Waswa\\.gradle\\caches\\modules-2\\files-2.1\\org.seleniumhq.selenium\\selenium-remote-driver\\4.19.0\\366e72cf747735d3cd5cd313baa178051f34d445\\selenium-remote-driver-4.19.0.jar;C:\\Users\\Waswa\\.gradle\\caches\\modules-2\\files-2.1\\org.seleniumhq.selenium\\selenium-manager\\4.19.0\\8e84df7bcd413146606c1b402bf7802cdb01b547\\selenium-manager-4.19.0.jar;C:\\Users\\Waswa\\.gradle\\caches\\modules-2\\files-2.1\\org.seleniumhq.selenium\\selenium-http\\4.19.0\\8b9e38017ebdc216e3da9adcfe57fa88d779e115\\selenium-http-4.19.0.jar;C:\\Users\\Waswa\\.gradle\\caches\\modules-2\\files-2.1\\org.seleniumhq.selenium\\selenium-json\\4.19.0\\1fda7186bc73c1b50cece7107ad5d9ec230d89c4\\selenium-json-4.19.0.jar;C:\\Users\\Waswa\\.gradle\\caches\\modules-2\\files-2.1\\org.seleniumhq.selenium\\selenium-os\\4.19.0\\785fcb223ba3ddbbd01144dc03c5da47eb458e2a\\selenium-os-4.19.0.jar;C:\\Users\\Waswa\\.gradle\\caches\\modules-2\\files-2.1\\org.seleniumhq.selenium\\selenium-api\\4.19.0\\6e96670873a020359f3be590ffc09ccf75e28e08\\selenium-api-4.19.0.jar;C:\\Users\\Waswa\\.gradle\\caches\\modules-2\\files-2.1\\io.appium\\java-client\\9.0.0\\55e89a2c96f70e01027c7c3a30d3a93d2710ad8a\\java-client-9.0.0.jar;C:\\Users\\Waswa\\.gradle\\caches\\modules-2\\files-2.1\\org.apache.groovy\\groovy\\4.0.13\\30046b48d472bf22f4d361f377e2e343b9e4a402\\groovy-4.0.13.jar;C:\\Users\\Waswa\\.gradle\\caches\\modules-2\\files-2.1\\net.sf.opencsv\\opencsv\\2.1\\de0cf68e339dc928329fe986a68387531699a01\\opencsv-2.1.jar;C:\\Users\\Waswa\\.gradle\\caches\\modules-2\\files-2.1\\org.apache.commons\\commons-text\\1.11.0\\2bb044b7717ec2eccaf9ea7769c1509054b50e9a\\commons-text-1.11.0.jar;C:\\Users\\Waswa\\.gradle\\caches\\modules-2\\files-2.1\\org.apache.commons\\commons-lang3\\3.14.0\\1ed471194b02f2c6cb734a0cd6f6f107c673afae\\commons-lang3-3.14.0.jar;C:\\Users\\Waswa\\.gradle\\caches\\modules-2\\files-2.1\\org.fluentlenium\\fluentlenium-core\\0.10.2\\8795bd4ce7050f0c45b772e8d3b36c39646e2f0b\\fluentlenium-core-0.10.2.jar;C:\\Users\\Waswa\\.gradle\\caches\\modules-2\\files-2.1\\com.jhlabs\\filters\\2.0.235\\af6a2dfefef70f1ab2d7a8d1f8173f67e276b3f4\\filters-2.0.235.jar;C:\\Users\\Waswa\\.gradle\\caches\\modules-2\\files-2.1\\joda-time\\joda-time\\2.12.7\\d015b997eccd511e5567218a51651ff0625f6f25\\joda-time-2.12.7.jar;C:\\Users\\Waswa\\.gradle\\caches\\modules-2\\files-2.1\\org.awaitility\\awaitility\\4.2.0\\2c39784846001a9cffd6c6b89c78de62c0d80fb8\\awaitility-4.2.0.jar;C:\\Users\\Waswa\\.gradle\\caches\\modules-2\\files-2.1\\org.hamcrest\\hamcrest\\2.2\\1820c0968dba3a11a1b30669bb1f01978a91dedc\\hamcrest-2.2.jar;C:\\Users\\Waswa\\.gradle\\caches\\modules-2\\files-2.1\\com.google.jimfs\\jimfs\\1.3.0\\93096472c3654a761c40c8e5d4ad82a7c1a0fd54\\jimfs-1.3.0.jar;C:\\Users\\Waswa\\.gradle\\caches\\modules-2\\files-2.1\\org.mockito\\mockito-core\\3.3.3\\4878395d4e63173f3825e17e5e0690e8054445f1\\mockito-core-3.3.3.jar;C:\\Users\\Waswa\\.gradle\\caches\\modules-2\\files-2.1\\javax.xml.bind\\jaxb-api\\2.3.1\\8531ad5ac454cc2deb9d4d32c40c4d7451939b5d\\jaxb-api-2.3.1.jar;C:\\Users\\Waswa\\.gradle\\caches\\modules-2\\files-2.1\\com.sun.xml.bind\\jaxb-impl\\4.0.3\\8910da0801f9f57cbd2fcf3e754c162b46374081\\jaxb-impl-4.0.3.jar;C:\\Users\\Waswa\\.gradle\\caches\\modules-2\\files-2.1\\com.sun.xml.bind\\jaxb-core\\4.0.3\\f1d7c66067b3d85fa17fd40a9aaae829250f3344\\jaxb-core-4.0.3.jar;C:\\Users\\Waswa\\.gradle\\caches\\modules-2\\files-2.1\\javax.activation\\activation\\1.1.1\\485de3a253e23f645037828c07f1d7f1af40763a\\activation-1.1.1.jar;C:\\Users\\Waswa\\.gradle\\caches\\modules-2\\files-2.1\\junit\\junit\\4.13.2\\8ac9e16d933b6fb43bc7f576336b8f4d7eb5ba12\\junit-4.13.2.jar;C:\\Users\\Waswa\\.gradle\\caches\\modules-2\\files-2.1\\jakarta.xml.bind\\jakarta.xml.bind-api\\4.0.0\\bbb399208d288b15ec101fa4fcfc4bd77cedc97a\\jakarta.xml.bind-api-4.0.0.jar;C:\\Users\\Waswa\\.gradle\\caches\\modules-2\\files-2.1\\io.cucumber\\cucumber-java\\7.16.1\\d9432323a6ba5f6b9de4cb9c190884e52cbdd47f\\cucumber-java-7.16.1.jar;C:\\Users\\Waswa\\.gradle\\caches\\modules-2\\files-2.1\\io.cucumber\\cucumber-junit\\7.16.1\\5eb3dc9ce3f52bd36a12dc1a9b1a49a7ee4fc179\\cucumber-junit-7.16.1.jar;C:\\Users\\Waswa\\.gradle\\caches\\modules-2\\files-2.1\\io.cucumber\\cucumber-core\\7.16.1\\e35276967470f5857c157fd71031fec5a5395694\\cucumber-core-7.16.1.jar;C:\\Users\\Waswa\\.gradle\\caches\\modules-2\\files-2.1\\org.apache.commons\\commons-csv\\1.5\\e10f140af5b82167640f254fa9d88e35ad74329c\\commons-csv-1.5.jar;C:\\Users\\Waswa\\.gradle\\caches\\modules-2\\files-2.1\\net.bytebuddy\\byte-buddy\\1.14.13\\45cf516d9a23485200950549ff72b204c307fc9d\\byte-buddy-1.14.13.jar;C:\\Users\\Waswa\\.gradle\\caches\\modules-2\\files-2.1\\org.ehcache\\ehcache\\3.10.8\\f0d50ede46609db78413ca7f4250d348a597b101\\ehcache-3.10.8.jar;C:\\Users\\Waswa\\.gradle\\caches\\modules-2\\files-2.1\\org.slf4j\\slf4j-api\\2.0.13\\80229737f704b121a318bba5d5deacbcf395bc77\\slf4j-api-2.0.13.jar;C:\\Users\\Waswa\\.gradle\\caches\\modules-2\\files-2.1\\org.apache.pdfbox\\fontbox\\3.0.3\\9eebd1ee868a79fcf7390283b2baf4179dadb8ed\\fontbox-3.0.3.jar;C:\\Users\\Waswa\\.gradle\\caches\\modules-2\\files-2.1\\org.apache.pdfbox\\pdfbox-io\\3.0.3\\c40dcf555b72b1d8c0cd19391d63e5b58382b9cb\\pdfbox-io-3.0.3.jar;C:\\Users\\Waswa\\.gradle\\caches\\modules-2\\files-2.1\\org.apache.pdfbox\\xmpbox\\2.0.24\\df8b7a6a363281f9f1365ed4b37580aa5d3f38f1\\xmpbox-2.0.24.jar;C:\\Users\\Waswa\\.gradle\\caches\\modules-2\\files-2.1\\commons-logging\\commons-logging\\1.3.3\\580ad1a4f34876c4f964c083361de31b3d60be68\\commons-logging-1.3.3.jar;C:\\Users\\Waswa\\.gradle\\caches\\modules-2\\files-2.1\\org.apache.httpcomponents\\httpcore\\4.4.16\\51cf043c87253c9f58b539c9f7e44c8894223850\\httpcore-4.4.16.jar;C:\\Users\\Waswa\\.gradle\\caches\\modules-2\\files-2.1\\org.json\\json\\20231013\\e22e0c040fe16f04ffdb85d851d77b07fc05ea52\\json-20231013.jar;C:\\Users\\Waswa\\.gradle\\caches\\modules-2\\files-2.1\\commons-net\\commons-net\\3.10.0\\86762ea0ac98fd41c91745a32d496a985e2bd5e7\\commons-net-3.10.0.jar;C:\\Users\\Waswa\\.gradle\\caches\\modules-2\\files-2.1\\com.google.guava\\guava\\33.1.0-jre\\9b7ed39143d59e8eabcc6f91ffe4d23db2efe558\\guava-33.1.0-jre.jar;C:\\Users\\Waswa\\.gradle\\caches\\modules-2\\files-2.1\\org.jsoup\\jsoup\\1.15.4\\cd56eb47dcd4590ef6451f87e5ec33bddd1a9a51\\jsoup-1.15.4.jar;C:\\Users\\Waswa\\.gradle\\caches\\modules-2\\files-2.1\\com.thoughtworks.xstream\\xstream\\1.4.20\\e2315b8b2e95e9f21697833c8e56cdd9c98a5ee\\xstream-1.4.20.jar;C:\\Users\\Waswa\\.gradle\\caches\\modules-2\\files-2.1\\com.typesafe\\config\\1.4.3\\b57e0fbdc7270d8ea59c1ba367457a5cc7ba0e98\\config-1.4.3.jar;C:\\Users\\Waswa\\.gradle\\caches\\modules-2\\files-2.1\\org.imgscalr\\imgscalr-lib\\4.2\\e2838f7119361511ef7d54fe0d502bf07f3325eb\\imgscalr-lib-4.2.jar;C:\\Users\\Waswa\\.gradle\\caches\\modules-2\\files-2.1\\org.freemarker\\freemarker\\2.3.32\\8607259125d4fbe982754227ea4f75dd513c6d19\\freemarker-2.3.32.jar;C:\\Users\\Waswa\\.gradle\\caches\\modules-2\\files-2.1\\io.github.classgraph\\classgraph\\4.8.157\\6618a0fab91cba321618db59d6b77f79590a80ac\\classgraph-4.8.157.jar;C:\\Users\\Waswa\\.gradle\\caches\\modules-2\\files-2.1\\com.github.ben-manes.caffeine\\caffeine\\2.9.2\\a17ed335e0ce2d337750772c0709b79af35a842\\caffeine-2.9.2.jar;C:\\Users\\Waswa\\.gradle\\caches\\modules-2\\files-2.1\\net.sourceforge.jexcelapi\\jxl\\2.6.12\\7faf62e0697f7a88954622dfe8c8de33ed142ac7\\jxl-2.6.12.jar;C:\\Users\\Waswa\\.gradle\\caches\\modules-2\\files-2.1\\net.bytebuddy\\byte-buddy-agent\\1.14.13\\979ce25f7d3096a2e82214ba7dc972a05ce7a171\\byte-buddy-agent-1.14.13.jar;C:\\Users\\Waswa\\.gradle\\caches\\modules-2\\files-2.1\\org.objenesis\\objenesis\\3.3\\1049c09f1de4331e8193e579448d0916d75b7631\\objenesis-3.3.jar;C:\\Users\\Waswa\\.gradle\\caches\\modules-2\\files-2.1\\com.vladsch.flexmark\\flexmark-ext-resizable-image\\0.64.8\\dca77e7c9d50922e62ada5e782f0f30a74646b75\\flexmark-ext-resizable-image-0.64.8.jar;C:\\Users\\Waswa\\.gradle\\caches\\modules-2\\files-2.1\\com.vladsch.flexmark\\flexmark-profile-pegdown\\0.64.8\\8ce4649b9f335ed0617a131e6910a972849f500c\\flexmark-profile-pegdown-0.64.8.jar;C:\\Users\\Waswa\\.gradle\\caches\\modules-2\\files-2.1\\com.vladsch.flexmark\\flexmark-ext-aside\\0.64.8\\ac3ace7ae720f271b0651aa376a4b57638ac1926\\flexmark-ext-aside-0.64.8.jar;C:\\Users\\Waswa\\.gradle\\caches\\modules-2\\files-2.1\\com.vladsch.flexmark\\flexmark-html2md-converter\\0.64.8\\a4b9dc984710931e98fdf62479784f789c0f5e6d\\flexmark-html2md-converter-0.64.8.jar;C:\\Users\\Waswa\\.gradle\\caches\\modules-2\\files-2.1\\com.vladsch.flexmark\\flexmark-ext-emoji\\0.64.8\\eefbf6a1fb644fa14c3fb74017cf9c97a4879a7c\\flexmark-ext-emoji-0.64.8.jar;C:\\Users\\Waswa\\.gradle\\caches\\modules-2\\files-2.1\\com.vladsch.flexmark\\flexmark-jira-converter\\0.64.8\\6a1997f1b8c2ef8426c0330d9be41f3f32edb82c\\flexmark-jira-converter-0.64.8.jar;C:\\Users\\Waswa\\.gradle\\caches\\modules-2\\files-2.1\\com.vladsch.flexmark\\flexmark-youtrack-converter\\0.64.8\\88dd1ba3538acc737144ce08d0248ae685ffb555\\flexmark-youtrack-converter-0.64.8.jar;C:\\Users\\Waswa\\.gradle\\caches\\modules-2\\files-2.1\\com.vladsch.flexmark\\flexmark-ext-tables\\0.64.8\\18e37d2e67a346c7c2694dd91944eefd5028608\\flexmark-ext-tables-0.64.8.jar;C:\\Users\\Waswa\\.gradle\\caches\\modules-2\\files-2.1\\com.ibm.icu\\icu4j\\72.1\\bc9057df4b5efddf7f6d1880bf7f3399f4ce5633\\icu4j-72.1.jar;C:\\Users\\Waswa\\.gradle\\caches\\modules-2\\files-2.1\\es.nitaur.markdown\\txtmark\\0.16\\3b51485b8d80fd4a3650d2b5d83127d0fa002e0\\txtmark-0.16.jar;C:\\Users\\Waswa\\.gradle\\caches\\modules-2\\files-2.1\\com.google.auto.service\\auto-service-annotations\\1.1.1\\da12a15cd058ba90a0ff55357fb521161af4736d\\auto-service-annotations-1.1.1.jar;C:\\Users\\Waswa\\.gradle\\caches\\modules-2\\files-2.1\\org.htmlunit\\htmlunit-core-js\\3.11.0\\1c90539a73ac761fd637c96c8c57f782814f520f\\htmlunit-core-js-3.11.0.jar;C:\\Users\\Waswa\\.gradle\\caches\\modules-2\\files-2.1\\org.htmlunit\\neko-htmlunit\\3.11.2\\106a977d8b0f430e5b4191c2f3c7ee7d0f4d1bdc\\neko-htmlunit-3.11.2.jar;C:\\Users\\Waswa\\.gradle\\caches\\modules-2\\files-2.1\\org.htmlunit\\htmlunit-cssparser\\3.11.0\\66e53229dd51b677317eef93d86c6c3a82f1b475\\htmlunit-cssparser-3.11.0.jar;C:\\Users\\Waswa\\.gradle\\caches\\modules-2\\files-2.1\\org.htmlunit\\htmlunit-xpath\\3.11.0\\1e0cb20553fc6caf2c35ee35edb59a890bb160ef\\htmlunit-xpath-3.11.0.jar;C:\\Users\\Waswa\\.gradle\\caches\\modules-2\\files-2.1\\org.htmlunit\\htmlunit-csp\\3.11.0\\ac63e632099e01b5a162927350b0a709928e768a\\htmlunit-csp-3.11.0.jar;C:\\Users\\Waswa\\.gradle\\caches\\modules-2\\files-2.1\\org.brotli\\dec\\0.1.2\\c26a897ae0d524809eef1c786cc6183b4ddcc3b\\dec-0.1.2.jar;C:\\Users\\Waswa\\.gradle\\caches\\modules-2\\files-2.1\\org.eclipse.jetty.websocket\\websocket-client\\9.4.53.v20231009\\c265cc8d4a8e86c8769b34171b45786359091a8\\websocket-client-9.4.53.v20231009.jar;C:\\Users\\Waswa\\.gradle\\caches\\modules-2\\files-2.1\\javax.activation\\javax.activation-api\\1.2.0\\85262acf3ca9816f9537ca47d5adeabaead7cb16\\javax.activation-api-1.2.0.jar;C:\\Users\\Waswa\\.gradle\\caches\\modules-2\\files-2.1\\org.eclipse.angus\\angus-activation\\2.0.1\\eaafaf4eb71b400e4136fc3a286f50e34a68ecb7\\angus-activation-2.0.1.jar;C:\\Users\\Waswa\\.gradle\\caches\\modules-2\\files-2.1\\jakarta.activation\\jakarta.activation-api\\2.1.2\\640c0d5aff45dbff1e1a1bc09673ff3a02b1ba12\\jakarta.activation-api-2.1.2.jar;C:\\Users\\Waswa\\.gradle\\caches\\modules-2\\files-2.1\\io.cucumber\\cucumber-gherkin-messages\\7.16.1\\a43f4dc9b8b093f10e23f5c93cae74e67f4082ed\\cucumber-gherkin-messages-7.16.1.jar;C:\\Users\\Waswa\\.gradle\\caches\\modules-2\\files-2.1\\io.cucumber\\cucumber-gherkin\\7.16.1\\6b08bb38f03efd8fbc9935024c79d05a91797132\\cucumber-gherkin-7.16.1.jar;C:\\Users\\Waswa\\.gradle\\caches\\modules-2\\files-2.1\\io.cucumber\\html-formatter\\21.3.0\\a4fd2019b16ec2ba1c22137fffa57eac830a2a98\\html-formatter-21.3.0.jar;C:\\Users\\Waswa\\.gradle\\caches\\modules-2\\files-2.1\\io.cucumber\\junit-xml-formatter\\0.3.0\\d9452cd2e0828341a7bd870d0b9cdef2776ea01e\\junit-xml-formatter-0.3.0.jar;C:\\Users\\Waswa\\.gradle\\caches\\modules-2\\files-2.1\\io.cucumber\\gherkin\\28.0.0\\3bcbf23f3940f8f2c8cdb42c13356d230c2b40b5\\gherkin-28.0.0.jar;C:\\Users\\Waswa\\.gradle\\caches\\modules-2\\files-2.1\\io.cucumber\\messages\\24.1.0\\bbf2037b6254713bb72fe384fbaf472e6e50eb9a\\messages-24.1.0.jar;C:\\Users\\Waswa\\.gradle\\caches\\modules-2\\files-2.1\\io.cucumber\\tag-expressions\\6.1.0\\af582eba20203fd376466b657f703932dcbe3d56\\tag-expressions-6.1.0.jar;C:\\Users\\Waswa\\.gradle\\caches\\modules-2\\files-2.1\\io.cucumber\\cucumber-expressions\\17.1.0\\ebe23b3f172ea9ae8217e55545b90b45df43c1ce\\cucumber-expressions-17.1.0.jar;C:\\Users\\Waswa\\.gradle\\caches\\modules-2\\files-2.1\\io.cucumber\\datatable\\7.16.1\\ff287277f7c13639881ec1f30fbd1c37ccc801fa\\datatable-7.16.1.jar;C:\\Users\\Waswa\\.gradle\\caches\\modules-2\\files-2.1\\io.cucumber\\cucumber-plugin\\7.16.1\\95885b684ba29709d85479f00c03b2110d3f7c17\\cucumber-plugin-7.16.1.jar;C:\\Users\\Waswa\\.gradle\\caches\\modules-2\\files-2.1\\io.cucumber\\docstring\\7.16.1\\6ea14ca7a674d80d9fde17f207ea2caa28293769\\docstring-7.16.1.jar;C:\\Users\\Waswa\\.gradle\\caches\\modules-2\\files-2.1\\io.cucumber\\ci-environment\\10.0.1\\222cecc535529f093d3364856bfe5f8d343c4248\\ci-environment-10.0.1.jar;C:\\Users\\Waswa\\.gradle\\caches\\modules-2\\files-2.1\\org.apiguardian\\apiguardian-api\\1.1.2\\a231e0d844d2721b0fa1b238006d15c6ded6842a\\apiguardian-api-1.1.2.jar;C:\\Users\\Waswa\\.gradle\\caches\\modules-2\\files-2.1\\com.google.guava\\failureaccess\\1.0.2\\c4a06a64e650562f30b7bf9aaec1bfed43aca12b\\failureaccess-1.0.2.jar;C:\\Users\\Waswa\\.gradle\\caches\\modules-2\\files-2.1\\com.google.guava\\listenablefuture\\9999.0-empty-to-avoid-conflict-with-guava\\b421526c5f297295adef1c886e5246c39d4ac629\\listenablefuture-9999.0-empty-to-avoid-conflict-with-guava.jar;C:\\Users\\Waswa\\.gradle\\caches\\modules-2\\files-2.1\\com.google.code.findbugs\\jsr305\\3.0.2\\25ea2e8b0c338a877313bd4672d3fe056ea78f0d\\jsr305-3.0.2.jar;C:\\Users\\Waswa\\.gradle\\caches\\modules-2\\files-2.1\\org.checkerframework\\checker-qual\\3.42.0\\638ec33f363a94d41a4f03c3e7d3dcfba64e402d\\checker-qual-3.42.0.jar;C:\\Users\\Waswa\\.gradle\\caches\\modules-2\\files-2.1\\com.google.errorprone\\error_prone_annotations\\2.26.1\\c1fde57694bdc14e8618899aaa6e857d9465d7de\\error_prone_annotations-2.26.1.jar;C:\\Users\\Waswa\\.gradle\\caches\\modules-2\\files-2.1\\io.github.x-stream\\mxparser\\1.2.2\\476fb3b3bb3716cad797cd054ce45f89445794e9\\mxparser-1.2.2.jar;C:\\Users\\Waswa\\.gradle\\caches\\modules-2\\files-2.1\\javax.cache\\cache-api\\1.1.0\\77bdcff7814076dfa61611b0db88487c515150b6\\cache-api-1.1.0.jar;C:\\Users\\Waswa\\.gradle\\caches\\modules-2\\files-2.1\\com.vladsch.flexmark\\flexmark-ext-abbreviation\\0.64.8\\a1d71e09e50a797ccac7a30d8a2a5895d94a6c9f\\flexmark-ext-abbreviation-0.64.8.jar;C:\\Users\\Waswa\\.gradle\\caches\\modules-2\\files-2.1\\com.vladsch.flexmark\\flexmark-ext-admonition\\0.64.8\\dbfeea78d59da2e97355447c568b6876dd2b32da\\flexmark-ext-admonition-0.64.8.jar;C:\\Users\\Waswa\\.gradle\\caches\\modules-2\\files-2.1\\com.vladsch.flexmark\\flexmark-ext-anchorlink\\0.64.8\\fcf1b569ee80397114628be098b20259d9c15be4\\flexmark-ext-anchorlink-0.64.8.jar;C:\\Users\\Waswa\\.gradle\\caches\\modules-2\\files-2.1\\com.vladsch.flexmark\\flexmark-ext-enumerated-reference\\0.64.8\\6b05a576f99d94455c473c9ec2136187afc25b3e\\flexmark-ext-enumerated-reference-0.64.8.jar;C:\\Users\\Waswa\\.gradle\\caches\\modules-2\\files-2.1\\com.vladsch.flexmark\\flexmark-ext-attributes\\0.64.8\\a8d631a5cd89dcad3b6fcaac308a18dc74a5d74a\\flexmark-ext-attributes-0.64.8.jar;C:\\Users\\Waswa\\.gradle\\caches\\modules-2\\files-2.1\\com.vladsch.flexmark\\flexmark-ext-autolink\\0.64.8\\c6c0f6336118b004e7fab14e26f1a773e20842b1\\flexmark-ext-autolink-0.64.8.jar;C:\\Users\\Waswa\\.gradle\\caches\\modules-2\\files-2.1\\com.vladsch.flexmark\\flexmark-ext-definition\\0.64.8\\409addcdf68da7dc543378a95f10c22e9b5b3267\\flexmark-ext-definition-0.64.8.jar;C:\\Users\\Waswa\\.gradle\\caches\\modules-2\\files-2.1\\com.vladsch.flexmark\\flexmark-ext-escaped-character\\0.64.8\\8587f7d1420b005a2e5548acdb12fa38cbd76d4b\\flexmark-ext-escaped-character-0.64.8.jar;C:\\Users\\Waswa\\.gradle\\caches\\modules-2\\files-2.1\\com.vladsch.flexmark\\flexmark-ext-footnotes\\0.64.8\\e63be9e0cf662ff4e4132a7754b3220452370106\\flexmark-ext-footnotes-0.64.8.jar;C:\\Users\\Waswa\\.gradle\\caches\\modules-2\\files-2.1\\com.vladsch.flexmark\\flexmark-ext-gfm-issues\\0.64.8\\fcae1b780cf1a3f0757720172dd38b313edaefe3\\flexmark-ext-gfm-issues-0.64.8.jar;C:\\Users\\Waswa\\.gradle\\caches\\modules-2\\files-2.1\\com.vladsch.flexmark\\flexmark-ext-gfm-strikethrough\\0.64.8\\1851e124c6d85c5c7f3fdbbe066d30a76ad6be44\\flexmark-ext-gfm-strikethrough-0.64.8.jar;C:\\Users\\Waswa\\.gradle\\caches\\modules-2\\files-2.1\\com.vladsch.flexmark\\flexmark-ext-gfm-tasklist\\0.64.8\\4adc75ada3d870908bdbffb76650d19305250d3c\\flexmark-ext-gfm-tasklist-0.64.8.jar;C:\\Users\\Waswa\\.gradle\\caches\\modules-2\\files-2.1\\com.vladsch.flexmark\\flexmark-ext-gfm-users\\0.64.8\\9fd0c81f6fab55e63e5d9f60224764b9720a5816\\flexmark-ext-gfm-users-0.64.8.jar;C:\\Users\\Waswa\\.gradle\\caches\\modules-2\\files-2.1\\com.vladsch.flexmark\\flexmark-ext-macros\\0.64.8\\614890570310ede904d42ab61122430a3a17774b\\flexmark-ext-macros-0.64.8.jar;C:\\Users\\Waswa\\.gradle\\caches\\modules-2\\files-2.1\\com.vladsch.flexmark\\flexmark-ext-gitlab\\0.64.8\\d8c86f170f5bd8030fccfc9c11632f15a820ffa5\\flexmark-ext-gitlab-0.64.8.jar;C:\\Users\\Waswa\\.gradle\\caches\\modules-2\\files-2.1\\com.vladsch.flexmark\\flexmark-ext-jekyll-front-matter\\0.64.8\\8dd92ff67a7a93d5f2777bc12a25bcd7526a6a\\flexmark-ext-jekyll-front-matter-0.64.8.jar;C:\\Users\\Waswa\\.gradle\\caches\\modules-2\\files-2.1\\com.vladsch.flexmark\\flexmark-ext-jekyll-tag\\0.64.8\\2e9c732179a6488eb588fbbd17cf68af326e4c57\\flexmark-ext-jekyll-tag-0.64.8.jar;C:\\Users\\Waswa\\.gradle\\caches\\modules-2\\files-2.1\\com.vladsch.flexmark\\flexmark-ext-media-tags\\0.64.8\\a713969f120169b938e956011de1b80bcb00d79c\\flexmark-ext-media-tags-0.64.8.jar;C:\\Users\\Waswa\\.gradle\\caches\\modules-2\\files-2.1\\com.vladsch.flexmark\\flexmark-ext-ins\\0.64.8\\7d095adeebf934f6424d9444af2ec0b2553fecfd\\flexmark-ext-ins-0.64.8.jar;C:\\Users\\Waswa\\.gradle\\caches\\modules-2\\files-2.1\\com.vladsch.flexmark\\flexmark-ext-xwiki-macros\\0.64.8\\899aa142c583fe10a129e8d764646c68b14f8de\\flexmark-ext-xwiki-macros-0.64.8.jar;C:\\Users\\Waswa\\.gradle\\caches\\modules-2\\files-2.1\\com.vladsch.flexmark\\flexmark-ext-superscript\\0.64.8\\e5d22f3ec35ac64504cbc238b0f5c63349815a7f\\flexmark-ext-superscript-0.64.8.jar;C:\\Users\\Waswa\\.gradle\\caches\\modules-2\\files-2.1\\com.vladsch.flexmark\\flexmark-ext-toc\\0.64.8\\5299f82caf5cb5b2deb60f1ae7d6551c8e71e4b9\\flexmark-ext-toc-0.64.8.jar;C:\\Users\\Waswa\\.gradle\\caches\\modules-2\\files-2.1\\com.vladsch.flexmark\\flexmark-ext-typographic\\0.64.8\\2efb965fbfe316930b5ed3164ceef2297ed7ba12\\flexmark-ext-typographic-0.64.8.jar;C:\\Users\\Waswa\\.gradle\\caches\\modules-2\\files-2.1\\com.vladsch.flexmark\\flexmark-ext-wikilink\\0.64.8\\f443092e4eda97537c449f0ad6c74022f8d5746a\\flexmark-ext-wikilink-0.64.8.jar;C:\\Users\\Waswa\\.gradle\\caches\\modules-2\\files-2.1\\com.vladsch.flexmark\\flexmark-ext-yaml-front-matter\\0.64.8\\a286f8a3bb603ba0f3174c95c220678f2bf855e5\\flexmark-ext-yaml-front-matter-0.64.8.jar;C:\\Users\\Waswa\\.gradle\\caches\\modules-2\\files-2.1\\com.vladsch.flexmark\\flexmark-ext-youtube-embedded\\0.64.8\\f4054700ecda973162cc640204bc8c2031bc27fd\\flexmark-ext-youtube-embedded-0.64.8.jar;C:\\Users\\Waswa\\.gradle\\caches\\modules-2\\files-2.1\\com.vladsch.flexmark\\flexmark\\0.64.8\\e82621ebed3a6cfa31c52900aaf9a9b6dd3c859d\\flexmark-0.64.8.jar;C:\\Users\\Waswa\\.gradle\\caches\\modules-2\\files-2.1\\com.vladsch.flexmark\\flexmark-util\\0.64.8\\e7aad89229a58c9ac56e09c04a8f9b012d137bff\\flexmark-util-0.64.8.jar;C:\\Users\\Waswa\\.gradle\\caches\\modules-2\\files-2.1\\com.vladsch.flexmark\\flexmark-util-format\\0.64.8\\12bb34f8d1d3d3678b540cb75726414eb910e327\\flexmark-util-format-0.64.8.jar;C:\\Users\\Waswa\\.gradle\\caches\\modules-2\\files-2.1\\com.vladsch.flexmark\\flexmark-util-ast\\0.64.8\\9904d6c8e7c9e2ec63b77e9313e518918758dd84\\flexmark-util-ast-0.64.8.jar;C:\\Users\\Waswa\\.gradle\\caches\\modules-2\\files-2.1\\com.vladsch.flexmark\\flexmark-util-builder\\0.64.8\\79f4593ce00d99b786425cabb12cc13bf785374b\\flexmark-util-builder-0.64.8.jar;C:\\Users\\Waswa\\.gradle\\caches\\modules-2\\files-2.1\\com.vladsch.flexmark\\flexmark-util-dependency\\0.64.8\\392bc415728aee6fdb9aded0004b0bf6c15e80ac\\flexmark-util-dependency-0.64.8.jar;C:\\Users\\Waswa\\.gradle\\caches\\modules-2\\files-2.1\\com.vladsch.flexmark\\flexmark-util-html\\0.64.8\\1ed09f6b6a57be2797aee9c9dfcbeab06afa120b\\flexmark-util-html-0.64.8.jar;C:\\Users\\Waswa\\.gradle\\caches\\modules-2\\files-2.1\\com.vladsch.flexmark\\flexmark-util-options\\0.64.8\\4b17bc1639c2a874d93a5bb89f78bf0765e3e4c7\\flexmark-util-options-0.64.8.jar;C:\\Users\\Waswa\\.gradle\\caches\\modules-2\\files-2.1\\com.vladsch.flexmark\\flexmark-util-sequence\\0.64.8\\985913246df64fe7e768eb0664b45dedea7536cf\\flexmark-util-sequence-0.64.8.jar;C:\\Users\\Waswa\\.gradle\\caches\\modules-2\\files-2.1\\com.vladsch.flexmark\\flexmark-util-collection\\0.64.8\\40e82ad00bb159ee878557fa8312ed7d95f4b297\\flexmark-util-collection-0.64.8.jar;C:\\Users\\Waswa\\.gradle\\caches\\modules-2\\files-2.1\\com.vladsch.flexmark\\flexmark-util-data\\0.64.8\\a3f92abd0acbb4d1f12dfd3d6128f73d245d6ba9\\flexmark-util-data-0.64.8.jar;C:\\Users\\Waswa\\.gradle\\caches\\modules-2\\files-2.1\\com.vladsch.flexmark\\flexmark-util-misc\\0.64.8\\6d0b133faee38c41368ee3c67f0df4498ffe3c25\\flexmark-util-misc-0.64.8.jar;C:\\Users\\Waswa\\.gradle\\caches\\modules-2\\files-2.1\\com.vladsch.flexmark\\flexmark-util-visitor\\0.64.8\\a8178ba6dfd7a958353a60b3a51fe7edb1578b49\\flexmark-util-visitor-0.64.8.jar;C:\\Users\\Waswa\\.gradle\\caches\\modules-2\\files-2.1\\org.jetbrains.kotlin\\kotlin-stdlib\\1.9.23\\dbaadea1f5e68f790d242a91a38355a83ec38747\\kotlin-stdlib-1.9.23.jar;C:\\Users\\Waswa\\.gradle\\caches\\modules-2\\files-2.1\\io.opentelemetry.semconv\\opentelemetry-semconv\\1.23.1-alpha\\218e361772670212a46be5940010222d68e66f2a\\opentelemetry-semconv-1.23.1-alpha.jar;C:\\Users\\Waswa\\.gradle\\caches\\modules-2\\files-2.1\\io.opentelemetry\\opentelemetry-exporter-logging\\1.36.0\\bc045cae89ff6f18071760f6e4659dd880e88a1b\\opentelemetry-exporter-logging-1.36.0.jar;C:\\Users\\Waswa\\.gradle\\caches\\modules-2\\files-2.1\\io.opentelemetry\\opentelemetry-sdk-extension-autoconfigure\\1.36.0\\20c8309c313d4e063122e241acea162f4d4826c1\\opentelemetry-sdk-extension-autoconfigure-1.36.0.jar;C:\\Users\\Waswa\\.gradle\\caches\\modules-2\\files-2.1\\io.opentelemetry\\opentelemetry-sdk-extension-autoconfigure-spi\\1.36.0\\fb875c07f1ee9200eab4226a1d1f39be287ef89\\opentelemetry-sdk-extension-autoconfigure-spi-1.36.0.jar;C:\\Users\\Waswa\\.gradle\\caches\\modules-2\\files-2.1\\io.opentelemetry\\opentelemetry-sdk\\1.36.0\\4056d1b562b4da7720817d8af15d1d3ccdf4b776\\opentelemetry-sdk-1.36.0.jar;C:\\Users\\Waswa\\.gradle\\caches\\modules-2\\files-2.1\\io.opentelemetry\\opentelemetry-sdk-trace\\1.36.0\\e3068cbaedfac6a28c6483923982b2efb861d3f4\\opentelemetry-sdk-trace-1.36.0.jar;C:\\Users\\Waswa\\.gradle\\caches\\modules-2\\files-2.1\\io.opentelemetry\\opentelemetry-sdk-metrics\\1.36.0\\4f8f5d30c3eeede7b2260d979d9f403cfa381c3d\\opentelemetry-sdk-metrics-1.36.0.jar;C:\\Users\\Waswa\\.gradle\\caches\\modules-2\\files-2.1\\io.opentelemetry\\opentelemetry-sdk-logs\\1.36.0\\98e94479db1e68c4779efc44bf6b4fca83e98b54\\opentelemetry-sdk-logs-1.36.0.jar;C:\\Users\\Waswa\\.gradle\\caches\\modules-2\\files-2.1\\io.opentelemetry\\opentelemetry-sdk-common\\1.36.0\\11d6f8c7b029efcb5c6c449cadef155b781afb78\\opentelemetry-sdk-common-1.36.0.jar;C:\\Users\\Waswa\\.gradle\\caches\\modules-2\\files-2.1\\io.opentelemetry\\opentelemetry-api-events\\1.36.0-alpha\\a986920d7efca4fd1b806470c12c142bc94e7852\\opentelemetry-api-events-1.36.0-alpha.jar;C:\\Users\\Waswa\\.gradle\\caches\\modules-2\\files-2.1\\io.opentelemetry\\opentelemetry-extension-incubator\\1.36.0-alpha\\d58f7c669e371f6ff61b705770af9a3c1f31df52\\opentelemetry-extension-incubator-1.36.0-alpha.jar;C:\\Users\\Waswa\\.gradle\\caches\\modules-2\\files-2.1\\io.opentelemetry\\opentelemetry-api\\1.36.0\\59470f4aa3a9207f21936461b8fdcb36d46455ab\\opentelemetry-api-1.36.0.jar;C:\\Users\\Waswa\\.gradle\\caches\\modules-2\\files-2.1\\io.opentelemetry\\opentelemetry-context\\1.36.0\\8850bc4c65d0fd22ff987b4683206ec4e69f2689\\opentelemetry-context-1.36.0.jar;C:\\Users\\Waswa\\.gradle\\caches\\modules-2\\files-2.1\\dev.failsafe\\failsafe\\3.3.2\\738a986f1f0e4b6c6a49d351dddc772d1378c5a8\\failsafe-3.3.2.jar;C:\\Users\\Waswa\\.gradle\\caches\\modules-2\\files-2.1\\org.eclipse.jetty\\jetty-client\\9.4.53.v20231009\\143440d3a77f9cf17abaad222451b3ea3b4ccc98\\jetty-client-9.4.53.v20231009.jar;C:\\Users\\Waswa\\.gradle\\caches\\modules-2\\files-2.1\\org.eclipse.jetty.websocket\\websocket-common\\9.4.53.v20231009\\3d842b746df703cbac361c3ca0bec6baeac4653d\\websocket-common-9.4.53.v20231009.jar;C:\\Users\\Waswa\\.gradle\\caches\\modules-2\\files-2.1\\org.eclipse.jetty\\jetty-http\\9.4.53.v20231009\\87faf21eb322753f0527bcb88c43e67044786369\\jetty-http-9.4.53.v20231009.jar;C:\\Users\\Waswa\\.gradle\\caches\\modules-2\\files-2.1\\org.eclipse.jetty\\jetty-io\\9.4.53.v20231009\\70cf7649b27c964ad29bfddf58f3bfe0d30346cf\\jetty-io-9.4.53.v20231009.jar;C:\\Users\\Waswa\\.gradle\\caches\\modules-2\\files-2.1\\org.eclipse.jetty\\jetty-util\\9.4.53.v20231009\\f72bb4f687b4454052c6f06528ba9910714df947\\jetty-util-9.4.53.v20231009.jar;C:\\Users\\Waswa\\.gradle\\caches\\modules-2\\files-2.1\\xmlpull\\xmlpull\\1.1.3.1\\2b8e230d2ab644e4ecaa94db7cdedbc40c805dfa\\xmlpull-1.1.3.1.jar;C:\\Users\\Waswa\\.gradle\\caches\\modules-2\\files-2.1\\org.nibor.autolink\\autolink\\0.6.0\\3986d016a14e8c81afeec752f19af29b20e8367b\\autolink-0.6.0.jar;C:\\Users\\Waswa\\.gradle\\caches\\modules-2\\files-2.1\\com.openhtmltopdf\\openhtmltopdf-rtl-support\\1.0.10\\74232c12ffb569ae287c6d0d983811880d7172f\\openhtmltopdf-rtl-support-1.0.10.jar;C:\\Users\\Waswa\\.gradle\\caches\\modules-2\\files-2.1\\com.openhtmltopdf\\openhtmltopdf-core\\1.0.10\\cab5dcb31834bd86ffb1b1f82811a37fcea63cd2\\openhtmltopdf-core-1.0.10.jar;C:\\Users\\Waswa\\.gradle\\caches\\modules-2\\files-2.1\\org.jetbrains\\annotations\\24.0.1\\13c5c75c4206580aa4d683bffee658caae6c9f43\\annotations-24.0.1.jar;C:\\Users\\Waswa\\.gradle\\caches\\modules-2\\files-2.1\\org.apache.commons\\commons-exec\\1.3\\8dfb9facd0830a27b1b5f29f84593f0aeee7773b\\commons-exec-1.3.jar;C:\\Users\\Waswa\\.gradle\\caches\\modules-2\\files-2.1\\org.eclipse.jetty.websocket\\websocket-api\\9.4.53.v20231009\\c408e2ab5ef0414e29c4592938dbc2ea7f01d8f1\\websocket-api-9.4.53.v20231009.jar
Launcher Type: SUN_STANDARD

[Global flags]
     intx CICompilerCount                          = 4                                         {product} {ergonomic}
     uint ConcGCThreads                            = 3                                         {product} {ergonomic}
     uint G1ConcRefinementThreads                  = 10                                        {product} {ergonomic}
   size_t G1HeapRegionSize                         = 1048576                                   {product} {ergonomic}
    uintx GCDrainStackTargetSize                   = 64                                        {product} {ergonomic}
   size_t InitialHeapSize                          = 526385152                                 {product} {ergonomic}
   size_t MarkStackSize                            = 4194304                                   {product} {ergonomic}
   size_t MaxHeapSize                              = 536870912                                 {product} {command line}
   size_t MinHeapDeltaBytes                        = 1048576                                   {product} {ergonomic}
   size_t MinHeapSize                              = 8388608                                   {product} {ergonomic}
    uintx NonNMethodCodeHeapSize                   = 5839372                                {pd product} {ergonomic}
    uintx NonProfiledCodeHeapSize                  = 122909434                              {pd product} {ergonomic}
    uintx ProfiledCodeHeapSize                     = 122909434                              {pd product} {ergonomic}
    uintx ReservedCodeCacheSize                    = 251658240                              {pd product} {ergonomic}
     bool SegmentedCodeCache                       = true                                      {product} {ergonomic}
   size_t SoftMaxHeapSize                          = 536870912                              {manageable} {ergonomic}
     bool UseCompressedOops                        = true                           {product lp64_product} {ergonomic}
     bool UseG1GC                                  = true                                      {product} {ergonomic}
     bool UseLargePagesIndividualAllocation        = false                                  {pd product} {ergonomic}

Logging:
Log output configuration:
 #0: stdout all=warning uptime,level,tags foldmultilines=false
 #1: stderr all=off uptime,level,tags foldmultilines=false

Environment Variables:
JAVA_HOME=D:\JDK\jdk21.0.4_7
PATH=C:\Program Files (x86)\Common Files\Oracle\Java\java8path;C:\Program Files (x86)\Common Files\Oracle\Java\javapath;D:\JDK\jdk21.0.4_7\bin;C:\WINDOWS\system32;C:\WINDOWS;C:\WINDOWS\System32\Wbem;C:\WINDOWS\System32\WindowsPowerShell\v1.0\;C:\WINDOWS\System32\OpenSSH\;C:\Program Files\Git\cmd;C:\Program Files\NVIDIA Corporation\NVIDIA App\NvDLISR;C:\Program Files (x86)\NVIDIA Corporation\PhysX\Common;C:\Users\Waswa\AppData\Local\Microsoft\WindowsApps;
USERNAME=Waswa
OS=Windows_NT
PROCESSOR_IDENTIFIER=AMD64 Family 25 Model 80 Stepping 0, AuthenticAMD
TMP=C:\Users\Waswa\AppData\Local\Temp
TEMP=C:\Users\Waswa\AppData\Local\Temp




Periodic native trim disabled

---------------  S Y S T E M  ---------------

OS:
 Windows 11 , 64 bit Build 26100 (10.0.26100.4768)
OS uptime: 0 days 3:51 hours

CPU: total 12 (initial active 12) (12 cores per cpu, 2 threads per core) family 25 model 80 stepping 0 microcode 0xa50000c, cx8, cmov, fxsr, ht, mmx, 3dnowpref, sse, sse2, sse3, ssse3, sse4a, sse4.1, sse4.2, popcnt, lzcnt, tsc, tscinvbit, avx, avx2, aes, erms, clmul, bmi1, bmi2, adx, sha, fma, vzeroupper, clflush, clflushopt, rdtscp, rdpid, fsrm, f16c, pku, cet_ss
Processor Information for all 12 processors :
  Max Mhz: 3901, Current Mhz: 3901, Mhz Limit: 3901

Memory: 4k page, system-wide physical 32127M (3647M free)
TotalPageFile size 93063M (AvailPageFile size 348M)
current process WorkingSet (physical memory assigned to process): 12M, peak: 12M
current process commit charge ("private bytes"): 64M, peak: 566M

vm_info: OpenJDK 64-Bit Server VM (21.0.4+7-LTS) for windows-amd64 JRE (21.0.4+7-LTS), built on 2024-07-10T17:34:29Z by "Administrator" with MS VC++ 16.10 / 16.11 (VS2019)

END.
